  getFrameBufferByCallback.cpp
C:\Users\whc\Desktop\API\CeleX5_Release\Samples\Samples\include\celex5/celex5.h(217): warning C4251: “CeleX5::m_mapCfgDefaults”: class“std::map<std::string,std::vector<CeleX5::CfgInfo,std::allocator<_Ty>>,std::less<_Kty>,std::allocator<std::pair<const _Kty,std::vector<_Ty,std::allocator<_Ty>>>>>”需要有 dll 接口由 class“CeleX5”的客户端使用
          with
          [
              _Ty=CeleX5::CfgInfo,
              _Kty=std::string
          ]
  C:\Users\whc\Desktop\API\CeleX5_Release\Samples\Samples\include\celex5/celex5.h(190): note: 参见“std::map<std::string,std::vector<CeleX5::CfgInfo,std::allocator<_Ty>>,std::less<_Kty>,std::allocator<std::pair<const _Kty,std::vector<_Ty,std::allocator<_Ty>>>>>”的声明
          with
          [
              _Ty=CeleX5::CfgInfo,
              _Kty=std::string
          ]
C:\Users\whc\Desktop\API\CeleX5_Release\Samples\Samples\include\celex5/celex5.h(218): warning C4251: “CeleX5::m_mapCfgModified”: class“std::map<std::string,std::vector<CeleX5::CfgInfo,std::allocator<_Ty>>,std::less<_Kty>,std::allocator<std::pair<const _Kty,std::vector<_Ty,std::allocator<_Ty>>>>>”需要有 dll 接口由 class“CeleX5”的客户端使用
          with
          [
              _Ty=CeleX5::CfgInfo,
              _Kty=std::string
          ]
  C:\Users\whc\Desktop\API\CeleX5_Release\Samples\Samples\include\celex5/celex5.h(190): note: 参见“std::map<std::string,std::vector<CeleX5::CfgInfo,std::allocator<_Ty>>,std::less<_Kty>,std::allocator<std::pair<const _Kty,std::vector<_Ty,std::allocator<_Ty>>>>>”的声明
          with
          [
              _Ty=CeleX5::CfgInfo,
              _Kty=std::string
          ]
C:\Users\whc\Desktop\API\CeleX5_Release\Samples\Samples\include\celex5/celex5.h(223): warning C4251: “CeleX5::m_ifstreamPlayback”: class“std::basic_ifstream<char,std::char_traits<char>>”需要有 dll 接口由 class“CeleX5”的客户端使用
  C:\Program Files (x86)\Microsoft Visual Studio 14.0\VC\include\iosfwd(690): note: 参见“std::basic_ifstream<char,std::char_traits<char>>”的声明
  正在生成代码
  All 269 functions were compiled because no usable IPDB/IOBJ from previous compilation was found.
  已完成代码的生成
  GetFrameBufferByCallback.vcxproj -> C:\Users\whc\Desktop\API\CeleX5_Release\Samples\x64\Release\GetFrameBufferByCallback.exe
  GetFrameBufferByCallback.vcxproj -> C:\Users\whc\Desktop\API\CeleX5_Release\Samples\x64\Release\GetFrameBufferByCallback.pdb (Full PDB)
  C:\Users\whc\Desktop\API\CeleX5_Release\Samples\Samples\config\CeleX5_Commands_New.xml
  已复制         1 个文件。
  C:\Users\whc\Desktop\API\CeleX5_Release\Samples\Samples\config\*.bit 
  系统找不到指定的文件。
  已复制         0 个文件。
  C:\Users\whc\Desktop\API\CeleX5_Release\Samples\Samples\lib\Windows\x64\release\CeleDriver.dll
  C:\Users\whc\Desktop\API\CeleX5_Release\Samples\Samples\lib\Windows\x64\release\CeleX.dll
  C:\Users\whc\Desktop\API\CeleX5_Release\Samples\Samples\lib\Windows\x64\release\libusb-1.0.dll
  C:\Users\whc\Desktop\API\CeleX5_Release\Samples\Samples\lib\Windows\x64\release\okFrontPanel.dll
  已复制         4 个文件。
